Determining if the pthread_create exist failed with the following output:
Change Dir: /home/ayush/ros_projects/dexter/build/CMakeFiles/CMakeTmp

Run Build Command:"/usr/bin/make" "cmTC_c008b/fast"
/usr/bin/make -f CMakeFiles/cmTC_c008b.dir/build.make CMakeFiles/cmTC_c008b.dir/build
make[1]: Entering directory '/home/ayush/ros_projects/dexter/build/CMakeFiles/CMakeTmp'
Building C object CMakeFiles/cmTC_c008b.dir/CheckSymbolExists.c.o
/usr/bin/cc    -o CMakeFiles/cmTC_c008b.dir/CheckSymbolExists.c.o   -c /home/ayush/ros_projects/dexter/build/CMakeFiles/CMakeTmp/CheckSymbolExists.c
Linking C executable cmTC_c008b
/usr/bin/cmake -E cmake_link_script CMakeFiles/cmTC_c008b.dir/link.txt --verbose=1
/usr/bin/cc      -rdynamic CMakeFiles/cmTC_c008b.dir/CheckSymbolExists.c.o  -o cmTC_c008b 
CMakeFiles/cmTC_c008b.dir/CheckSymbolExists.c.o: In function `main':
CheckSymbolExists.c:(.text+0x1b): undefined reference to `pthread_create'
collect2: error: ld returned 1 exit status
CMakeFiles/cmTC_c008b.dir/build.make:97: recipe for target 'cmTC_c008b' failed
make[1]: *** [cmTC_c008b] Error 1
make[1]: Leaving directory '/home/ayush/ros_projects/dexter/build/CMakeFiles/CMakeTmp'
Makefile:126: recipe for target 'cmTC_c008b/fast' failed
make: *** [cmTC_c008b/fast] Error 2

File /home/ayush/ros_projects/dexter/build/CMakeFiles/CMakeTmp/CheckSymbolExists.c:
/* */
#include <pthread.h>

int main(int argc, char** argv)
{
  (void)argv;
#ifndef pthread_create
  return ((int*)(&pthread_create))[argc];
#else
  (void)argc;
  return 0;
#endif
}

Determining if the function pthread_create exists in the pthreads failed with the following output:
Change Dir: /home/ayush/ros_projects/dexter/build/CMakeFiles/CMakeTmp

Run Build Command:"/usr/bin/make" "cmTC_ce91b/fast"
/usr/bin/make -f CMakeFiles/cmTC_ce91b.dir/build.make CMakeFiles/cmTC_ce91b.dir/build
make[1]: Entering directory '/home/ayush/ros_projects/dexter/build/CMakeFiles/CMakeTmp'
Building C object CMakeFiles/cmTC_ce91b.dir/CheckFunctionExists.c.o
/usr/bin/cc   -DCHECK_FUNCTION_EXISTS=pthread_create   -o CMakeFiles/cmTC_ce91b.dir/CheckFunctionExists.c.o   -c /usr/share/cmake-3.10/Modules/CheckFunctionExists.c
Linking C executable cmTC_ce91b
/usr/bin/cmake -E cmake_link_script CMakeFiles/cmTC_ce91b.dir/link.txt --verbose=1
/usr/bin/cc  -DCHECK_FUNCTION_EXISTS=pthread_create    -rdynamic CMakeFiles/cmTC_ce91b.dir/CheckFunctionExists.c.o  -o cmTC_ce91b -lpthreads 
/usr/bin/ld: cannot find -lpthreads
collect2: error: ld returned 1 exit status
CMakeFiles/cmTC_ce91b.dir/build.make:97: recipe for target 'cmTC_ce91b' failed
make[1]: *** [cmTC_ce91b] Error 1
make[1]: Leaving directory '/home/ayush/ros_projects/dexter/build/CMakeFiles/CMakeTmp'
Makefile:126: recipe for target 'cmTC_ce91b/fast' failed
make: *** [cmTC_ce91b/fast] Error 2


